[2026-05-07T18:26:08.784Z] [INFO] Bluesky initialized successfully
[2026-05-07T18:26:08.790Z] [INFO] {"St. Johns":[],"Corner Brook":[],"Grand Falls":[],"Goose Bay":[],"Baie Verte":[],"Hants Harbour":[],"Trout River":[]}
[2026-05-07T18:26:21.768Z] [INFO] Bluesky initialized successfully
[2026-05-07T18:26:22.354Z] [INFO] {"St. Johns":[],"Corner Brook":[],"Grand Falls":[],"Goose Bay":[],"Baie Verte":[],"Hants Harbour":[],"Trout River":[]}
[2026-05-07T18:26:32.549Z] [INFO] Bluesky initialized successfully
[2026-05-07T18:26:37.698Z] [INFO] Bluesky initialized successfully
[2026-05-07T18:26:37.702Z] [INFO] {"St. Johns":[],"Corner Brook":[],"Grand Falls":[],"Goose Bay":[],"Baie Verte":[],"Hants Harbour":[],"Trout River":[]}
[2026-05-07T18:26:43.137Z] [INFO] Bluesky initialized successfully
[2026-05-07T18:26:43.390Z] [INFO] {"St. Johns":[],"Corner Brook":[],"Grand Falls":[],"Goose Bay":[],"Baie Verte":[],"Hants Harbour":[],"Trout River":[]}
[2026-05-07T18:30:36.698Z] [INFO] Bluesky initialized successfully
[2026-05-07T18:30:36.701Z] [INFO] Running job for May 8
[2026-05-07T18:30:36.702Z] [INFO] Posting updates for St. Johns
[2026-05-07T18:30:36.702Z] [INFO] St. Johns: not visible tomorrow, skipping
[2026-05-07T18:30:36.703Z] [INFO] Posting updates for Corner Brook
[2026-05-07T18:30:36.703Z] [INFO] Corner Brook: not visible tomorrow, skipping
[2026-05-07T18:30:36.703Z] [INFO] Posting updates for Grand Falls
[2026-05-07T18:30:36.703Z] [INFO] Grand Falls: not visible tomorrow, skipping
[2026-05-07T18:30:36.703Z] [INFO] Posting updates for Goose Bay
[2026-05-07T18:30:36.703Z] [INFO] Goose Bay: not visible tomorrow, skipping
[2026-05-07T18:30:36.703Z] [INFO] Posting updates for Baie Verte
[2026-05-07T18:30:36.703Z] [INFO] Baie Verte: not visible tomorrow, skipping
[2026-05-07T18:30:36.703Z] [INFO] Posting updates for Hants Harbour
[2026-05-07T18:30:36.703Z] [INFO] Hants Harbour: not visible tomorrow, skipping
[2026-05-07T18:30:36.703Z] [INFO] Posting updates for Trout River
[2026-05-07T18:30:36.703Z] [INFO] Trout River: not visible tomorrow, skipping
[2026-05-07T18:32:29.847Z] [INFO] Bluesky initialized successfully
[2026-05-07T18:32:29.852Z] [INFO] Running job for May 8
[2026-05-07T18:32:30.188Z] [INFO] Posting updates for St. Johns
[2026-05-07T18:32:30.188Z] [INFO] St. Johns: not visible tomorrow, skipping
[2026-05-07T18:32:30.188Z] [INFO] Corner Brook: not visible tomorrow, skipping
[2026-05-07T18:32:30.188Z] [INFO] Posting updates for Corner Brook
[2026-05-07T18:32:30.188Z] [INFO] Grand Falls: not visible tomorrow, skipping
[2026-05-07T18:32:30.188Z] [INFO] Posting updates for Grand Falls
[2026-05-07T18:32:30.188Z] [INFO] Posting updates for Goose Bay
[2026-05-07T18:32:30.188Z] [INFO] Goose Bay: not visible tomorrow, skipping
[2026-05-07T18:32:30.189Z] [INFO] Posting updates for Baie Verte
[2026-05-07T18:32:30.189Z] [INFO] Baie Verte: not visible tomorrow, skipping
[2026-05-07T18:32:30.189Z] [INFO] Hants Harbour: not visible tomorrow, skipping
[2026-05-07T18:32:30.189Z] [INFO] Posting updates for Trout River
[2026-05-07T18:32:30.189Z] [INFO] Posting updates for Hants Harbour
[2026-05-07T18:32:30.189Z] [INFO] Trout River: not visible tomorrow, skipping
[2026-05-07T18:33:43.461Z] [INFO] Bluesky initialized successfully
[2026-05-07T18:33:44.053Z] [INFO] {"St. Johns":[],"Corner Brook":[],"Grand Falls":[],"Goose Bay":[],"Baie Verte":[],"Hants Harbour":[],"Trout River":[]}
[2026-05-07T18:38:21.329Z] [INFO] Bluesky initialized successfully
[2026-05-07T18:38:21.330Z] [INFO] Running job for May 8
[2026-05-07T18:38:21.627Z] [INFO] Posting updates for St. Johns
[2026-05-07T18:38:21.627Z] [INFO] St. Johns: no sightings on NASA page, using seed data (dry-run)
[2026-05-07T18:38:21.627Z] [INFO] Post: 🛰️ ISS SIGHTING: St. Johns

The Space Station passes over tomorrow, May 8.

⏰ Time: 9:30 PM
⏳ Duration: 4 min
📈 Max Height: 2° 
📍 Look: above SSW

#StJohns #CornerBrook #GFW #GooseBay #BaieVerte #HantsHarbour #TroutRiver #HVGB #Labrador #Newfoundland #nlwx #NFLD #explorenl #NASA #ISS #SpaceStation #Astronomy, #nightsky #lookup
[2026-05-07T18:38:21.628Z] [INFO] Corner Brook: no sightings on NASA page, using seed data (dry-run)
[2026-05-07T18:38:21.628Z] [INFO] Post: 🛰️ ISS SIGHTING: Corner Brook

The Space Station passes over tomorrow, May 8.

⏰ Time: 9:30 PM
⏳ Duration: 4 min
📈 Max Height: 2° 
📍 Look: above SSW

#StJohns #CornerBrook #GFW #GooseBay #BaieVerte #HantsHarbour #TroutRiver #HVGB #Labrador #Newfoundland #nlwx #NFLD #explorenl #NASA #ISS #SpaceStation #Astronomy, #nightsky #lookup
[2026-05-07T18:38:21.628Z] [INFO] Posting updates for Grand Falls
[2026-05-07T18:38:21.628Z] [INFO] Posting updates for Corner Brook
[2026-05-07T18:38:21.628Z] [INFO] Grand Falls: no sightings on NASA page, using seed data (dry-run)
[2026-05-07T18:38:21.628Z] [INFO] Post: 🛰️ ISS SIGHTING: Grand Falls

The Space Station passes over tomorrow, May 8.

⏰ Time: 9:30 PM
⏳ Duration: 4 min
📈 Max Height: 2° 
📍 Look: above SSW

#StJohns #CornerBrook #GFW #GooseBay #BaieVerte #HantsHarbour #TroutRiver #HVGB #Labrador #Newfoundland #nlwx #NFLD #explorenl #NASA #ISS #SpaceStation #Astronomy, #nightsky #lookup
[2026-05-07T18:38:21.628Z] [INFO] Posting updates for Goose Bay
[2026-05-07T18:38:21.628Z] [INFO] Goose Bay: no sightings on NASA page, using seed data (dry-run)
[2026-05-07T18:38:21.628Z] [INFO] Post: 🛰️ ISS SIGHTING: Goose Bay

The Space Station passes over tomorrow, May 8.

⏰ Time: 9:30 PM
⏳ Duration: 4 min
📈 Max Height: 2° 
📍 Look: above SSW

#StJohns #CornerBrook #GFW #GooseBay #BaieVerte #HantsHarbour #TroutRiver #HVGB #Labrador #Newfoundland #nlwx #NFLD #explorenl #NASA #ISS #SpaceStation #Astronomy, #nightsky #lookup
[2026-05-07T18:38:21.629Z] [INFO] Posting updates for Baie Verte
[2026-05-07T18:38:21.629Z] [INFO] Baie Verte: no sightings on NASA page, using seed data (dry-run)
[2026-05-07T18:38:21.629Z] [INFO] Post: 🛰️ ISS SIGHTING: Baie Verte

The Space Station passes over tomorrow, May 8.

⏰ Time: 9:30 PM
⏳ Duration: 4 min
📈 Max Height: 2° 
📍 Look: above SSW

#StJohns #CornerBrook #GFW #GooseBay #BaieVerte #HantsHarbour #TroutRiver #HVGB #Labrador #Newfoundland #nlwx #NFLD #explorenl #NASA #ISS #SpaceStation #Astronomy, #nightsky #lookup
[2026-05-07T18:38:21.629Z] [INFO] Posting updates for Hants Harbour
[2026-05-07T18:38:21.629Z] [INFO] Hants Harbour: no sightings on NASA page, using seed data (dry-run)
[2026-05-07T18:38:21.629Z] [INFO] Post: 🛰️ ISS SIGHTING: Hants Harbour

The Space Station passes over tomorrow, May 8.

⏰ Time: 9:30 PM
⏳ Duration: 4 min
📈 Max Height: 2° 
📍 Look: above SSW

#StJohns #CornerBrook #GFW #GooseBay #BaieVerte #HantsHarbour #TroutRiver #HVGB #Labrador #Newfoundland #nlwx #NFLD #explorenl #NASA #ISS #SpaceStation #Astronomy, #nightsky #lookup
[2026-05-07T18:38:21.629Z] [INFO] Posting updates for Trout River
[2026-05-07T18:38:21.629Z] [INFO] Trout River: no sightings on NASA page, using seed data (dry-run)
[2026-05-07T18:38:21.629Z] [INFO] Post: 🛰️ ISS SIGHTING: Trout River

The Space Station passes over tomorrow, May 8.

⏰ Time: 9:30 PM
⏳ Duration: 4 min
📈 Max Height: 2° 
📍 Look: above SSW

#StJohns #CornerBrook #GFW #GooseBay #BaieVerte #HantsHarbour #TroutRiver #HVGB #Labrador #Newfoundland #nlwx #NFLD #explorenl #NASA #ISS #SpaceStation #Astronomy, #nightsky #lookup
[2026-05-07T18:38:21.629Z] [INFO] DRY RUN — post skipped
[2026-05-07T18:38:21.629Z] [INFO] DRY RUN — post skipped
[2026-05-07T18:38:21.629Z] [INFO] DRY RUN — post skipped
[2026-05-07T18:38:21.629Z] [INFO] DRY RUN — post skipped
[2026-05-07T18:38:21.629Z] [INFO] DRY RUN — post skipped
[2026-05-07T18:38:21.629Z] [INFO] DRY RUN — post skipped
[2026-05-07T18:38:21.629Z] [INFO] DRY RUN — post skipped
[2026-05-07T18:38:21.630Z] [INFO] Saved 7 pending reply(s)
[2026-05-07T18:38:51.154Z] [INFO] Bluesky initialized successfully
[2026-05-07T18:38:51.155Z] [INFO] Running job for May 8
[2026-05-07T18:38:51.476Z] [INFO] Posting updates for St. Johns
[2026-05-07T18:38:51.476Z] [INFO] St. Johns: no sightings on NASA page, using seed data (dry-run)
[2026-05-07T18:38:51.476Z] [INFO] Post: 🛰️ ISS SIGHTING: St. Johns

The Space Station passes over tomorrow, May 8.

⏰ Time: 9:30 PM
⏳ Duration: 4 min
📈 Max Height: 12° 
📍 Look: above SSW

#StJohns #CornerBrook #GFW #GooseBay #BaieVerte #HantsHarbour #TroutRiver #HVGB #Labrador #Newfoundland #nlwx #NFLD #explorenl #NASA #ISS #SpaceStation #Astronomy, #nightsky #lookup
[2026-05-07T18:38:51.478Z] [INFO] Posting updates for Corner Brook
[2026-05-07T18:38:51.478Z] [INFO] Corner Brook: no sightings on NASA page, using seed data (dry-run)
[2026-05-07T18:38:51.478Z] [INFO] Post: 🛰️ ISS SIGHTING: Corner Brook

The Space Station passes over tomorrow, May 8.

⏰ Time: 9:30 PM
⏳ Duration: 4 min
📈 Max Height: 12° 
📍 Look: above SSW

#StJohns #CornerBrook #GFW #GooseBay #BaieVerte #HantsHarbour #TroutRiver #HVGB #Labrador #Newfoundland #nlwx #NFLD #explorenl #NASA #ISS #SpaceStation #Astronomy, #nightsky #lookup
[2026-05-07T18:38:51.479Z] [INFO] Posting updates for Grand Falls
[2026-05-07T18:38:51.480Z] [INFO] Grand Falls: no sightings on NASA page, using seed data (dry-run)
[2026-05-07T18:38:51.480Z] [INFO] Post: 🛰️ ISS SIGHTING: Grand Falls

The Space Station passes over tomorrow, May 8.

⏰ Time: 9:30 PM
⏳ Duration: 4 min
📈 Max Height: 12° 
📍 Look: above SSW

#StJohns #CornerBrook #GFW #GooseBay #BaieVerte #HantsHarbour #TroutRiver #HVGB #Labrador #Newfoundland #nlwx #NFLD #explorenl #NASA #ISS #SpaceStation #Astronomy, #nightsky #lookup
[2026-05-07T18:38:51.480Z] [INFO] Posting updates for Goose Bay
[2026-05-07T18:38:51.480Z] [INFO] Goose Bay: no sightings on NASA page, using seed data (dry-run)
[2026-05-07T18:38:51.480Z] [INFO] Post: 🛰️ ISS SIGHTING: Goose Bay

The Space Station passes over tomorrow, May 8.

⏰ Time: 9:30 PM
⏳ Duration: 4 min
📈 Max Height: 12° 
📍 Look: above SSW

#StJohns #CornerBrook #GFW #GooseBay #BaieVerte #HantsHarbour #TroutRiver #HVGB #Labrador #Newfoundland #nlwx #NFLD #explorenl #NASA #ISS #SpaceStation #Astronomy, #nightsky #lookup
[2026-05-07T18:38:51.480Z] [INFO] Posting updates for Baie Verte
[2026-05-07T18:38:51.480Z] [INFO] Baie Verte: no sightings on NASA page, using seed data (dry-run)
[2026-05-07T18:38:51.480Z] [INFO] Post: 🛰️ ISS SIGHTING: Baie Verte

The Space Station passes over tomorrow, May 8.

⏰ Time: 9:30 PM
⏳ Duration: 4 min
📈 Max Height: 12° 
📍 Look: above SSW

#StJohns #CornerBrook #GFW #GooseBay #BaieVerte #HantsHarbour #TroutRiver #HVGB #Labrador #Newfoundland #nlwx #NFLD #explorenl #NASA #ISS #SpaceStation #Astronomy, #nightsky #lookup
[2026-05-07T18:38:51.480Z] [INFO] Posting updates for Hants Harbour
[2026-05-07T18:38:51.480Z] [INFO] Hants Harbour: no sightings on NASA page, using seed data (dry-run)
[2026-05-07T18:38:51.480Z] [INFO] Post: 🛰️ ISS SIGHTING: Hants Harbour

The Space Station passes over tomorrow, May 8.

⏰ Time: 9:30 PM
⏳ Duration: 4 min
📈 Max Height: 12° 
📍 Look: above SSW

#StJohns #CornerBrook #GFW #GooseBay #BaieVerte #HantsHarbour #TroutRiver #HVGB #Labrador #Newfoundland #nlwx #NFLD #explorenl #NASA #ISS #SpaceStation #Astronomy, #nightsky #lookup
[2026-05-07T18:38:51.480Z] [INFO] Posting updates for Trout River
[2026-05-07T18:38:51.480Z] [INFO] Post: 🛰️ ISS SIGHTING: Trout River

The Space Station passes over tomorrow, May 8.

⏰ Time: 9:30 PM
⏳ Duration: 4 min
📈 Max Height: 12° 
📍 Look: above SSW

#StJohns #CornerBrook #GFW #GooseBay #BaieVerte #HantsHarbour #TroutRiver #HVGB #Labrador #Newfoundland #nlwx #NFLD #explorenl #NASA #ISS #SpaceStation #Astronomy, #nightsky #lookup
[2026-05-07T18:38:51.480Z] [INFO] Trout River: no sightings on NASA page, using seed data (dry-run)
[2026-05-07T18:38:51.481Z] [INFO] DRY RUN — post skipped
[2026-05-07T18:38:51.481Z] [INFO] DRY RUN — post skipped
[2026-05-07T18:38:51.481Z] [INFO] DRY RUN — post skipped
[2026-05-07T18:38:51.481Z] [INFO] DRY RUN — post skipped
[2026-05-07T18:38:51.481Z] [INFO] DRY RUN — post skipped
[2026-05-07T18:38:51.481Z] [INFO] DRY RUN — post skipped
[2026-05-07T18:38:51.481Z] [INFO] DRY RUN — post skipped
[2026-05-07T18:38:58.942Z] [INFO] Bluesky initialized successfully
[2026-05-07T18:43:12.186Z] [INFO] Bluesky initialized successfully
[2026-05-07T18:43:12.188Z] [INFO] Running job for May 8
[2026-05-07T18:43:12.618Z] [INFO] Posting updates for St. Johns
[2026-05-07T18:43:12.619Z] [INFO] Post: 🛰️ ISS SIGHTING: St. Johns

The Space Station passes over tomorrow, May 8.

⏰ Time: 1:10 AM
⏳ Duration: < 1 min
📈 Max Height: 10°
📍 Look: above ENE

#StJohns #CornerBrook #GFW #GooseBay #BaieVerte #HantsHarbour #TroutRiver #HVGB #Labrador #Newfoundland #nlwx #NFLD #explorenl #NASA #ISS #SpaceStation #Astronomy, #nightsky #lookup
[2026-05-07T18:43:12.620Z] [INFO] Posting updates for Corner Brook
[2026-05-07T18:43:12.620Z] [INFO] Post: 🛰️ ISS SIGHTING: Corner Brook

The Space Station passes over tomorrow, May 8.

⏰ Time: 2:43 AM
⏳ Duration: 3 min
📈 Max Height: 70°
📍 Look: above NE

#StJohns #CornerBrook #GFW #GooseBay #BaieVerte #HantsHarbour #TroutRiver #HVGB #Labrador #Newfoundland #nlwx #NFLD #explorenl #NASA #ISS #SpaceStation #Astronomy, #nightsky #lookup
[2026-05-07T18:43:12.620Z] [INFO] Posting updates for Grand Falls
[2026-05-07T18:43:12.620Z] [INFO] Post: 🛰️ ISS SIGHTING: Grand Falls

The Space Station passes over tomorrow, May 8.

⏰ Time: 2:43 AM
⏳ Duration: 4 min
📈 Max Height: 76°
📍 Look: above NW

#StJohns #CornerBrook #GFW #GooseBay #BaieVerte #HantsHarbour #TroutRiver #HVGB #Labrador #Newfoundland #nlwx #NFLD #explorenl #NASA #ISS #SpaceStation #Astronomy, #nightsky #lookup
[2026-05-07T18:43:12.621Z] [INFO] Posting updates for Goose Bay
[2026-05-07T18:43:12.621Z] [INFO] Post: 🛰️ ISS SIGHTING: Goose Bay

The Space Station passes over tomorrow, May 8.

⏰ Time: 2:13 AM
⏳ Duration: 3 min
📈 Max Height: 42°
📍 Look: above SE

#StJohns #CornerBrook #GFW #GooseBay #BaieVerte #HantsHarbour #TroutRiver #HVGB #Labrador #Newfoundland #nlwx #NFLD #explorenl #NASA #ISS #SpaceStation #Astronomy, #nightsky #lookup
[2026-05-07T18:43:12.621Z] [INFO] Posting updates for Baie Verte
[2026-05-07T18:43:12.621Z] [INFO] Post: 🛰️ ISS SIGHTING: Baie Verte

The Space Station passes over tomorrow, May 8.

⏰ Time: 2:43 AM
⏳ Duration: 3 min
📈 Max Height: 89°
📍 Look: above WNW

#StJohns #CornerBrook #GFW #GooseBay #BaieVerte #HantsHarbour #TroutRiver #HVGB #Labrador #Newfoundland #nlwx #NFLD #explorenl #NASA #ISS #SpaceStation #Astronomy, #nightsky #lookup
[2026-05-07T18:43:12.621Z] [INFO] Posting updates for Hants Harbour
[2026-05-07T18:43:12.621Z] [INFO] Post: 🛰️ ISS SIGHTING: Hants Harbour

The Space Station passes over tomorrow, May 8.

⏰ Time: 1:10 AM
⏳ Duration: < 1 min
📈 Max Height: 10°
📍 Look: above ENE

#StJohns #CornerBrook #GFW #GooseBay #BaieVerte #HantsHarbour #TroutRiver #HVGB #Labrador #Newfoundland #nlwx #NFLD #explorenl #NASA #ISS #SpaceStation #Astronomy, #nightsky #lookup
[2026-05-07T18:43:12.621Z] [INFO] Posting updates for Trout River
[2026-05-07T18:43:12.621Z] [INFO] Post: 🛰️ ISS SIGHTING: Trout River

The Space Station passes over tomorrow, May 8.

⏰ Time: 2:43 AM
⏳ Duration: 3 min
📈 Max Height: 71°
📍 Look: above ENE

#StJohns #CornerBrook #GFW #GooseBay #BaieVerte #HantsHarbour #TroutRiver #HVGB #Labrador #Newfoundland #nlwx #NFLD #explorenl #NASA #ISS #SpaceStation #Astronomy, #nightsky #lookup
[2026-05-07T18:43:12.621Z] [INFO] DRY RUN — post skipped
[2026-05-07T18:43:12.621Z] [INFO] DRY RUN — post skipped
[2026-05-07T18:43:12.621Z] [INFO] DRY RUN — post skipped
[2026-05-07T18:43:12.621Z] [INFO] DRY RUN — post skipped
[2026-05-07T18:43:12.621Z] [INFO] DRY RUN — post skipped
[2026-05-07T18:43:12.621Z] [INFO] DRY RUN — post skipped
[2026-05-07T18:43:12.621Z] [INFO] DRY RUN — post skipped
[2026-05-07T18:43:12.623Z] [INFO] Saved 7 pending reply(s)
[2026-05-07T18:45:02.128Z] [INFO] Bluesky initialized successfully
[2026-05-07T18:45:02.130Z] [INFO] Running job for May 8
[2026-05-07T18:45:02.619Z] [INFO] Posting updates for St. Johns
[2026-05-07T18:45:02.619Z] [INFO] Post: 🛰️ ISS SIGHTING: St. Johns

The Space Station passes over tomorrow, May 8.

⏰ Time: 1:10 AM
⏳ Duration: < 1 min
📈 Max Height: 10°
📍 Look: above ENE

#StJohns #CornerBrook #GFW #GooseBay #BaieVerte #HantsHarbour #TroutRiver #HVGB #Labrador #Newfoundland #nlwx #NFLD #explorenl #NASA #ISS #SpaceStation #Astronomy, #nightsky #lookup
[2026-05-07T18:45:02.621Z] [INFO] Posting updates for Corner Brook
[2026-05-07T18:45:02.621Z] [INFO] Post: 🛰️ ISS SIGHTING: Corner Brook

The Space Station passes over tomorrow, May 8.

⏰ Time: 2:43 AM
⏳ Duration: 3 min
📈 Max Height: 70°
📍 Look: above NE

#StJohns #CornerBrook #GFW #GooseBay #BaieVerte #HantsHarbour #TroutRiver #HVGB #Labrador #Newfoundland #nlwx #NFLD #explorenl #NASA #ISS #SpaceStation #Astronomy, #nightsky #lookup
[2026-05-07T18:45:02.622Z] [INFO] Post: 🛰️ ISS SIGHTING: Grand Falls

The Space Station passes over tomorrow, May 8.

⏰ Time: 2:43 AM
⏳ Duration: 4 min
📈 Max Height: 76°
📍 Look: above NW

#StJohns #CornerBrook #GFW #GooseBay #BaieVerte #HantsHarbour #TroutRiver #HVGB #Labrador #Newfoundland #nlwx #NFLD #explorenl #NASA #ISS #SpaceStation #Astronomy, #nightsky #lookup
[2026-05-07T18:45:02.622Z] [INFO] Posting updates for Grand Falls
[2026-05-07T18:45:02.622Z] [INFO] Posting updates for Goose Bay
[2026-05-07T18:45:02.622Z] [INFO] Post: 🛰️ ISS SIGHTING: Goose Bay

The Space Station passes over tomorrow, May 8.

⏰ Time: 2:13 AM
⏳ Duration: 3 min
📈 Max Height: 42°
📍 Look: above SE

#StJohns #CornerBrook #GFW #GooseBay #BaieVerte #HantsHarbour #TroutRiver #HVGB #Labrador #Newfoundland #nlwx #NFLD #explorenl #NASA #ISS #SpaceStation #Astronomy, #nightsky #lookup
[2026-05-07T18:45:02.622Z] [INFO] Posting updates for Baie Verte
[2026-05-07T18:45:02.622Z] [INFO] Post: 🛰️ ISS SIGHTING: Baie Verte

The Space Station passes over tomorrow, May 8.

⏰ Time: 2:43 AM
⏳ Duration: 3 min
📈 Max Height: 89°
📍 Look: above WNW

#StJohns #CornerBrook #GFW #GooseBay #BaieVerte #HantsHarbour #TroutRiver #HVGB #Labrador #Newfoundland #nlwx #NFLD #explorenl #NASA #ISS #SpaceStation #Astronomy, #nightsky #lookup
[2026-05-07T18:45:02.622Z] [INFO] Posting updates for Hants Harbour
[2026-05-07T18:45:02.622Z] [INFO] Post: 🛰️ ISS SIGHTING: Hants Harbour

The Space Station passes over tomorrow, May 8.

⏰ Time: 1:10 AM
⏳ Duration: < 1 min
📈 Max Height: 10°
📍 Look: above ENE

#StJohns #CornerBrook #GFW #GooseBay #BaieVerte #HantsHarbour #TroutRiver #HVGB #Labrador #Newfoundland #nlwx #NFLD #explorenl #NASA #ISS #SpaceStation #Astronomy, #nightsky #lookup
[2026-05-07T18:45:02.622Z] [INFO] Posting updates for Trout River
[2026-05-07T18:45:02.623Z] [INFO] Post: 🛰️ ISS SIGHTING: Trout River

The Space Station passes over tomorrow, May 8.

⏰ Time: 2:43 AM
⏳ Duration: 3 min
📈 Max Height: 71°
📍 Look: above ENE

#StJohns #CornerBrook #GFW #GooseBay #BaieVerte #HantsHarbour #TroutRiver #HVGB #Labrador #Newfoundland #nlwx #NFLD #explorenl #NASA #ISS #SpaceStation #Astronomy, #nightsky #lookup
[2026-05-07T18:45:02.623Z] [INFO] DRY RUN — post skipped
[2026-05-07T18:45:02.623Z] [INFO] DRY RUN — post skipped
[2026-05-07T18:45:02.623Z] [INFO] DRY RUN — post skipped
[2026-05-07T18:45:02.623Z] [INFO] DRY RUN — post skipped
[2026-05-07T18:45:02.623Z] [INFO] DRY RUN — post skipped
[2026-05-07T18:45:02.623Z] [INFO] DRY RUN — post skipped
[2026-05-07T18:45:02.623Z] [INFO] DRY RUN — post skipped
[2026-05-07T18:47:41.761Z] [INFO] Bluesky initialized successfully
[2026-05-07T18:47:41.793Z] [INFO] Test pending reply created for 5:12 PM (~55 min from now)
[2026-05-07T18:47:41.794Z] [INFO] Replying to Test Location sighting post (1 hr before)
[2026-05-07T18:47:41.794Z] [INFO] Post: The #ISS is now visible from Test Location! Look above N at 12° elevation.

#StJohns #CornerBrook #GFW #GooseBay #BaieVerte #HantsHarbour #TroutRiver #HVGB #Labrador #Newfoundland #nlwx #NFLD #explorenl #NASA #ISS #SpaceStation #Astronomy, #nightsky #lookup
[2026-05-07T18:47:41.795Z] [INFO] DRY RUN — post skipped
[2026-05-07T18:47:41.795Z] [INFO] Reply was sent!
[2026-05-07T18:47:49.579Z] [INFO] Bluesky initialized successfully
[2026-05-07T18:47:49.597Z] [INFO] Test pending reply created for 5:12 PM (~55 min from now)
[2026-05-07T18:47:49.598Z] [INFO] Replying to Test Location sighting post (1 hr before)
[2026-05-07T18:47:49.598Z] [INFO] Post: The #ISS is now visible from Test Location! Look above N at 12° elevation.

#StJohns #CornerBrook #GFW #GooseBay #BaieVerte #HantsHarbour #TroutRiver #HVGB #Labrador #Newfoundland #nlwx #NFLD #explorenl #NASA #ISS #SpaceStation #Astronomy, #nightsky #lookup
[2026-05-07T18:47:49.599Z] [INFO] DRY RUN — post skipped
[2026-05-07T18:47:49.599Z] [INFO] Reply was sent!
[2026-05-07T18:50:41.765Z] [INFO] Bluesky initialized successfully
[2026-05-07T18:50:41.794Z] [INFO] Test pending reply created for 5:15 PM (~55 min from now)
[2026-05-07T18:50:41.795Z] [INFO] Reply to Test Location (1 hour before)
[2026-05-07T18:50:41.795Z] [INFO] Post: 🛰️ The #ISS will be visible from Test Location in about 1 hour (5:15 PM)!

Look above N at 12° elevation.

#StJohns #CornerBrook #GFW #GooseBay #BaieVerte #HantsHarbour #TroutRiver #HVGB #Labrador #Newfoundland #nlwx #NFLD #explorenl #NASA #ISS #SpaceStation #Astronomy, #nightsky #lookup
[2026-05-07T18:50:41.796Z] [INFO] DRY RUN — post skipped
[2026-05-07T18:50:41.797Z] [INFO] Reply not yet sent, 1 still pending
[2026-05-07T18:50:47.039Z] [INFO] Bluesky initialized successfully
[2026-05-07T18:50:47.040Z] [INFO] Running job for May 8
[2026-05-07T18:50:47.401Z] [INFO] Posting updates for St. Johns
[2026-05-07T18:50:47.402Z] [INFO] Post: 🛰️ ISS SIGHTING: St. Johns

The Space Station passes over tomorrow, May 8.

⏰ Time: 1:10 AM
⏳ Duration: < 1 min
📈 Max Height: 10°
📍 Look: above ENE

#StJohns #CornerBrook #GFW #GooseBay #BaieVerte #HantsHarbour #TroutRiver #HVGB #Labrador #Newfoundland #nlwx #NFLD #explorenl #NASA #ISS #SpaceStation #Astronomy, #nightsky #lookup
[2026-05-07T18:50:47.403Z] [INFO] Posting updates for Corner Brook
[2026-05-07T18:50:47.404Z] [INFO] Post: 🛰️ ISS SIGHTING: Corner Brook

The Space Station passes over tomorrow, May 8.

⏰ Time: 2:43 AM
⏳ Duration: 3 min
📈 Max Height: 70°
📍 Look: above NE

#StJohns #CornerBrook #GFW #GooseBay #BaieVerte #HantsHarbour #TroutRiver #HVGB #Labrador #Newfoundland #nlwx #NFLD #explorenl #NASA #ISS #SpaceStation #Astronomy, #nightsky #lookup
[2026-05-07T18:50:47.404Z] [INFO] Posting updates for Grand Falls
[2026-05-07T18:50:47.405Z] [INFO] Post: 🛰️ ISS SIGHTING: Goose Bay

The Space Station passes over tomorrow, May 8.

⏰ Time: 2:13 AM
⏳ Duration: 3 min
📈 Max Height: 42°
📍 Look: above SE

#StJohns #CornerBrook #GFW #GooseBay #BaieVerte #HantsHarbour #TroutRiver #HVGB #Labrador #Newfoundland #nlwx #NFLD #explorenl #NASA #ISS #SpaceStation #Astronomy, #nightsky #lookup
[2026-05-07T18:50:47.405Z] [INFO] Posting updates for Goose Bay
[2026-05-07T18:50:47.404Z] [INFO] Post: 🛰️ ISS SIGHTING: Grand Falls

The Space Station passes over tomorrow, May 8.

⏰ Time: 2:43 AM
⏳ Duration: 4 min
📈 Max Height: 76°
📍 Look: above NW

#StJohns #CornerBrook #GFW #GooseBay #BaieVerte #HantsHarbour #TroutRiver #HVGB #Labrador #Newfoundland #nlwx #NFLD #explorenl #NASA #ISS #SpaceStation #Astronomy, #nightsky #lookup
[2026-05-07T18:50:47.405Z] [INFO] Posting updates for Baie Verte
[2026-05-07T18:50:47.405Z] [INFO] Post: 🛰️ ISS SIGHTING: Baie Verte

The Space Station passes over tomorrow, May 8.

⏰ Time: 2:43 AM
⏳ Duration: 3 min
📈 Max Height: 89°
📍 Look: above WNW

#StJohns #CornerBrook #GFW #GooseBay #BaieVerte #HantsHarbour #TroutRiver #HVGB #Labrador #Newfoundland #nlwx #NFLD #explorenl #NASA #ISS #SpaceStation #Astronomy, #nightsky #lookup
[2026-05-07T18:50:47.405Z] [INFO] Posting updates for Hants Harbour
[2026-05-07T18:50:47.405Z] [INFO] Post: 🛰️ ISS SIGHTING: Hants Harbour

The Space Station passes over tomorrow, May 8.

⏰ Time: 1:10 AM
⏳ Duration: < 1 min
📈 Max Height: 10°
📍 Look: above ENE

#StJohns #CornerBrook #GFW #GooseBay #BaieVerte #HantsHarbour #TroutRiver #HVGB #Labrador #Newfoundland #nlwx #NFLD #explorenl #NASA #ISS #SpaceStation #Astronomy, #nightsky #lookup
[2026-05-07T18:50:47.405Z] [INFO] Posting updates for Trout River
[2026-05-07T18:50:47.405Z] [INFO] Post: 🛰️ ISS SIGHTING: Trout River

The Space Station passes over tomorrow, May 8.

⏰ Time: 2:43 AM
⏳ Duration: 3 min
📈 Max Height: 71°
📍 Look: above ENE

#StJohns #CornerBrook #GFW #GooseBay #BaieVerte #HantsHarbour #TroutRiver #HVGB #Labrador #Newfoundland #nlwx #NFLD #explorenl #NASA #ISS #SpaceStation #Astronomy, #nightsky #lookup
[2026-05-07T18:50:47.405Z] [INFO] DRY RUN — post skipped
[2026-05-07T18:50:47.405Z] [INFO] DRY RUN — post skipped
[2026-05-07T18:50:47.405Z] [INFO] DRY RUN — post skipped
[2026-05-07T18:50:47.405Z] [INFO] DRY RUN — post skipped
[2026-05-07T18:50:47.405Z] [INFO] DRY RUN — post skipped
[2026-05-07T18:50:47.405Z] [INFO] DRY RUN — post skipped
[2026-05-07T18:50:47.405Z] [INFO] DRY RUN — post skipped
[2026-05-07T18:54:08.045Z] [INFO] Bluesky initialized successfully
[2026-05-07T18:54:08.046Z] [INFO] Running job for May 8
[2026-05-07T18:54:08.362Z] [INFO] Posting updates for St. Johns
[2026-05-07T18:54:08.364Z] [INFO] Posting updates for Corner Brook
[2026-05-07T18:54:08.364Z] [INFO] Post: 🛰️ ISS SIGHTING: Corner Brook

The Space Station passes over tomorrow, May 8.

⏰ Time: 2:43 AM
⏳ Duration: 3 min
📈 Max Height: 70°
📍 Look: above NE

#StJohns #CornerBrook #GFW #GooseBay #BaieVerte #HantsHarbour #TroutRiver #HVGB #Labrador #Newfoundland #nlwx #NFLD #explorenl #NASA #ISS #SpaceStation #Astronomy, #nightsky #lookup
[2026-05-07T18:54:08.365Z] [INFO] Posting updates for Grand Falls
[2026-05-07T18:54:08.365Z] [INFO] Posting updates for Goose Bay
[2026-05-07T18:54:08.363Z] [INFO] Post: 🛰️ ISS SIGHTING: St. Johns

The Space Station passes over tomorrow, May 8.

⏰ Time: 1:10 AM
⏳ Duration: < 1 min
📈 Max Height: 10°
📍 Look: above ENE

#StJohns #CornerBrook #GFW #GooseBay #BaieVerte #HantsHarbour #TroutRiver #HVGB #Labrador #Newfoundland #nlwx #NFLD #explorenl #NASA #ISS #SpaceStation #Astronomy, #nightsky #lookup
[2026-05-07T18:54:08.365Z] [INFO] Post: 🛰️ ISS SIGHTING: Grand Falls

The Space Station passes over tomorrow, May 8.

⏰ Time: 2:43 AM
⏳ Duration: 4 min
📈 Max Height: 76°
📍 Look: above NW

#StJohns #CornerBrook #GFW #GooseBay #BaieVerte #HantsHarbour #TroutRiver #HVGB #Labrador #Newfoundland #nlwx #NFLD #explorenl #NASA #ISS #SpaceStation #Astronomy, #nightsky #lookup
[2026-05-07T18:54:08.365Z] [INFO] Post: 🛰️ ISS SIGHTING: Goose Bay

The Space Station passes over tomorrow, May 8.

⏰ Time: 2:13 AM
⏳ Duration: 3 min
📈 Max Height: 42°
📍 Look: above SE

#StJohns #CornerBrook #GFW #GooseBay #BaieVerte #HantsHarbour #TroutRiver #HVGB #Labrador #Newfoundland #nlwx #NFLD #explorenl #NASA #ISS #SpaceStation #Astronomy, #nightsky #lookup
[2026-05-07T18:54:08.365Z] [INFO] Posting updates for Baie Verte
[2026-05-07T18:54:08.365Z] [INFO] Post: 🛰️ ISS SIGHTING: Baie Verte

The Space Station passes over tomorrow, May 8.

⏰ Time: 2:43 AM
⏳ Duration: 3 min
📈 Max Height: 89°
📍 Look: above WNW

#StJohns #CornerBrook #GFW #GooseBay #BaieVerte #HantsHarbour #TroutRiver #HVGB #Labrador #Newfoundland #nlwx #NFLD #explorenl #NASA #ISS #SpaceStation #Astronomy, #nightsky #lookup
[2026-05-07T18:54:08.365Z] [INFO] Posting updates for Hants Harbour
[2026-05-07T18:54:08.365Z] [INFO] Post: 🛰️ ISS SIGHTING: Hants Harbour

The Space Station passes over tomorrow, May 8.

⏰ Time: 1:10 AM
⏳ Duration: < 1 min
📈 Max Height: 10°
📍 Look: above ENE

#StJohns #CornerBrook #GFW #GooseBay #BaieVerte #HantsHarbour #TroutRiver #HVGB #Labrador #Newfoundland #nlwx #NFLD #explorenl #NASA #ISS #SpaceStation #Astronomy, #nightsky #lookup
[2026-05-07T18:54:08.365Z] [INFO] Posting updates for Trout River
[2026-05-07T18:54:08.365Z] [INFO] Post: 🛰️ ISS SIGHTING: Trout River

The Space Station passes over tomorrow, May 8.

⏰ Time: 2:43 AM
⏳ Duration: 3 min
📈 Max Height: 71°
📍 Look: above ENE

#StJohns #CornerBrook #GFW #GooseBay #BaieVerte #HantsHarbour #TroutRiver #HVGB #Labrador #Newfoundland #nlwx #NFLD #explorenl #NASA #ISS #SpaceStation #Astronomy, #nightsky #lookup
[2026-05-07T18:54:08.365Z] [INFO] DRY RUN — post skipped
[2026-05-07T18:54:08.365Z] [INFO] DRY RUN — post skipped
[2026-05-07T18:54:08.365Z] [INFO] DRY RUN — post skipped
[2026-05-07T18:54:08.365Z] [INFO] DRY RUN — post skipped
[2026-05-07T18:54:08.365Z] [INFO] DRY RUN — post skipped
[2026-05-07T18:54:08.365Z] [INFO] DRY RUN — post skipped
[2026-05-07T18:54:08.365Z] [INFO] DRY RUN — post skipped
[2026-05-07T18:54:08.366Z] [INFO] Saved 7 pending reply(s)
